"../../../../Users/Testserver/Documents/Unreal Projects/shl2/Content/AbilitySystem/Abilities/MyGameplayCueManager.uasset" 0
"../../../../Users/Testserver/Documents/Unreal Projects/shl2/Content/AbilitySystem/Abilities/MyGameplayTagsTable.uasset" 1
"../../../../Users/Testserver/Documents/Unreal Projects/shl2/Content/AbilitySystem/Abilities/Attack/AttackWithWeaponCooldown.uasset" 2
"../../../Engine/Content/BasicShapes/BasicShapeMaterial.uasset" 3
"../../../Engine/Content/Functions/Engine_MaterialFunctions01/Opacity/CameraDepthFade.uasset" 4
"../../../Engine/Content/EngineMaterials/T_Default_Material_Grid_M.uasset" 5
"../../../Engine/Content/EngineMaterials/T_Default_Material_Grid_N.uasset" 6
"../../../Engine/Content/EngineMaterials/DefaultMaterial.uasset" 7
"../../../Engine/Content/BasicShapes/Sphere.uasset" 8
"../../../../Users/Testserver/Documents/Unreal Projects/shl2/Content/AbilitySystem/Abilities/Old-MayNotWork/AdvancedProjectile/AdvancedProjectile.uasset" 9
"../../../../Users/Testserver/Documents/Unreal Projects/shl2/Content/AbilitySystem/Abilities/Old-MayNotWork/AdvancedProjectile/AdvancedProjectileDamage.uasset" 10
"../../../../Users/Testserver/Documents/Unreal Projects/shl2/Content/AbilitySystem/Abilities/Old-MayNotWork/AdvancedProjectile/FireAdvancedProjectile.uasset" 11
"../../../Engine/Content/EditorBlueprintResources/StandardMacros.uasset" 12
"../../../../Users/Testserver/Documents/Unreal Projects/shl2/Content/Mannequin/Character/Mesh/UE4_Mannequin_Skeleton.uasset" 13
"../../../../Users/Testserver/Documents/Unreal Projects/shl2/Content/Mannequin/Animations/ThirdPerson_Jump.uasset" 14
"../../../../Users/Testserver/Documents/Unreal Projects/shl2/Content/Mannequin/Animations/ThirdPersonJump_Loop.uasset" 15
"../../../../Users/Testserver/Documents/Unreal Projects/shl2/Content/Mannequin/Animations/ThirdPersonJump_Start.uasset" 16
"../../../../Users/Testserver/Documents/Unreal Projects/shl2/Content/Mannequin/Animations/ThirdPersonIdle.uasset" 17
"../../../../Users/Testserver/Documents/Unreal Projects/shl2/Content/Mannequin/Animations/ThirdPersonRun.uasset" 18
"../../../../Users/Testserver/Documents/Unreal Projects/shl2/Content/Mannequin/Animations/ThirdPersonWalk.uasset" 19
"../../../../Users/Testserver/Documents/Unreal Projects/shl2/Content/Mannequin/Animations/ThirdPerson_IdleRun_2D.uasset" 20
"../../../../Users/Testserver/Documents/Unreal Projects/shl2/Content/Mannequin/Animations/ThirdPerson_AnimBP.uasset" 21
"../../../../Users/Testserver/Documents/Unreal Projects/shl2/Content/AbilitySystem/Animations/WeaponSwingSlow.uasset" 22
"../../../Engine/Content/EditorBlueprintResources/ActorMacros.uasset" 23
"../../../../Users/Testserver/Documents/Unreal Projects/shl2/Content/AbilitySystem/Animations/weaponswingfast.uasset" 24
"../../../../Users/Testserver/Documents/Unreal Projects/shl2/Content/AbilitySystem/Animations/QuickAttackMontage.uasset" 25
"../../../../Users/Testserver/Documents/Unreal Projects/shl2/Content/AbilitySystem/Abilities/Attack/AttackEffect.uasset" 26
"../../../../Users/Testserver/Documents/Unreal Projects/shl2/Content/AbilitySystem/Abilities/Common/Costs/Costs_10Energy.uasset" 27
"../../../../Users/Testserver/Documents/Unreal Projects/shl2/Content/Meshes/Wolf/wolf_Skeleton.uasset" 28
"../../../../Users/Testserver/Documents/Unreal Projects/shl2/Content/Meshes/Wolf/Animations/wolf_Anim_WolfRig_Thrash.uasset" 29
"../../../../Users/Testserver/Documents/Unreal Projects/shl2/Content/Meshes/Wolf/Animations/wolf_Anim_WolfRig_Thrash2.uasset" 30
"../../../../Users/Testserver/Documents/Unreal Projects/shl2/Content/Meshes/Wolf/WolfAttackMontage.uasset" 31
"../../../../Users/Testserver/Documents/Unreal Projects/shl2/Content/Meshes/Wolf/Animations/wolf_Anim_WolfRig_Jump.uasset" 32
"../../../../Users/Testserver/Documents/Unreal Projects/shl2/Content/Meshes/Wolf/Animations/wolf_Anim_WolfRig_JumpEnd.uasset" 33
"../../../../Users/Testserver/Documents/Unreal Projects/shl2/Content/Meshes/Wolf/Animations/wolf_Anim_WolfRig_JumpStart.uasset" 34
"../../../../Users/Testserver/Documents/Unreal Projects/shl2/Content/Particles/Textures/T_Smoke_SubUV.uasset" 35
"../../../../Users/Testserver/Documents/Unreal Projects/shl2/Content/Particles/Textures/T_Smoke_Tiled_D.uasset" 36
"../../../../Users/Testserver/Documents/Unreal Projects/shl2/Content/Particles/Materials/M_smoke_subUV.uasset" 37
"../../../../Users/Testserver/Documents/Unreal Projects/shl2/Content/Particles/P_DustPuffy.uasset" 38
"../../../../Users/Testserver/Documents/Unreal Projects/shl2/Content/Meshes/Wolf/Animations/wolf_Anim_WolfRig_Pivot.uasset" 39
"../../../../Users/Testserver/Documents/Unreal Projects/shl2/Content/Meshes/Wolf/Animations/wolf_Anim_WolfRig_SitIdle.uasset" 40
"../../../../Users/Testserver/Documents/Unreal Projects/shl2/Content/Meshes/Wolf/Animations/wolf_Anim_WolfRig_Idle.uasset" 41
"../../../../Users/Testserver/Documents/Unreal Projects/shl2/Content/Meshes/Wolf/Animations/wolf_Anim_WolfRig_Run.uasset" 42
"../../../../Users/Testserver/Documents/Unreal Projects/shl2/Content/Meshes/Wolf/Animations/wolf_Anim_WolfRig_Run2.uasset" 43
"../../../../Users/Testserver/Documents/Unreal Projects/shl2/Content/Meshes/Wolf/Wolf_Idle_Walk_Run_Blendspace.uasset" 44
"../../../../Users/Testserver/Documents/Unreal Projects/shl2/Content/Meshes/Wolf/WolfAnimBP.uasset" 45
"../../../../Users/Testserver/Documents/Unreal Projects/shl2/Content/Meshes/eye.uasset" 46
"../../../../Users/Testserver/Documents/Unreal Projects/shl2/Content/Meshes/Wolf/WolfEyeMat.uasset" 47
"../../../../Users/Testserver/Documents/Unreal Projects/shl2/Content/Meshes/Wolf/wolf_texture.uasset" 48
"../../../../Users/Testserver/Documents/Unreal Projects/shl2/Content/Meshes/Wolf/WolfMat.uasset" 49
"../../../../Users/Testserver/Documents/Unreal Projects/shl2/Content/Meshes/Wolf/wolf_PhysicsAsset.uasset" 50
"../../../../Users/Testserver/Documents/Unreal Projects/shl2/Content/Meshes/Wolf/wolf.uasset" 51
"../../../../Users/Testserver/Documents/Unreal Projects/shl2/Content/Meshes/Wolf/WolfCharacter.uasset" 52
"../../../../Users/Testserver/Documents/Unreal Projects/shl2/Content/AbilitySystem/Abilities/Attack/AttackWithWeaponCollision.uasset" 53
"../../../../Users/Testserver/Documents/Unreal Projects/shl2/Content/AbilitySystem/Abilities/Common/DeathAndRespawn/DeadEffect.uasset" 54
"../../../../Users/Testserver/Documents/Unreal Projects/shl2/Content/AbilitySystem/Abilities/Common/DeathAndRespawn/ApplyDeath.uasset" 55
"../../../../Users/Testserver/Documents/Unreal Projects/shl2/Content/AbilitySystem/Abilities/Common/DeathAndRespawn/RespawnEffect.uasset" 56
"../../../../Users/Testserver/Documents/Unreal Projects/shl2/Content/AbilitySystem/Abilities/Common/DeathAndRespawn/Respawn.uasset" 57
"../../../../Users/Testserver/Documents/Unreal Projects/shl2/Content/AbilitySystem/Abilities/EnergyRegenEffect.uasset" 58
"../../../../Users/Testserver/Documents/Unreal Projects/shl2/Content/AbilitySystem/Abilities/ManaRegenEffect.uasset" 59
"../../../../Users/Testserver/Documents/Unreal Projects/shl2/Content/AbilitySystem/Abilities/Old-MayNotWork/AdvancedProjectile/RespondToHitEvents.uasset" 60
"../../../../Users/Testserver/Documents/Unreal Projects/shl2/Content/AbilitySystem/Abilities/Old-MayNotWork/Leap/KnockbackEvent.uasset" 61
"../../../../Users/Testserver/Documents/Unreal Projects/shl2/Content/AbilitySystem/Abilities/Common/Cooldowns/Cooldowns_1Second.uasset" 62
"../../../../Users/Testserver/Documents/Unreal Projects/shl2/Content/AbilitySystem/Abilities/Common/Costs/Costs_10Mana.uasset" 63
"../../../../Users/Testserver/Documents/Unreal Projects/shl2/Content/AbilitySystem/Abilities/Tutorial/1DamageSelectedTarget/1ScalarDamageSelectedTargetEffect.uasset" 64
"../../../../Users/Testserver/Documents/Unreal Projects/shl2/Content/AbilitySystem/Abilities/Tutorial/1DamageSelectedTarget/1DamageSelectedTarget.uasset" 65
"../../../../Users/Testserver/Documents/Unreal Projects/shl2/Content/AbilitySystem/Abilities/Tutorial/2DoTSelectedTarget/2ScalarDoTSelectedTargetEffect.uasset" 66
"../../../../Users/Testserver/Documents/Unreal Projects/shl2/Content/AbilitySystem/Abilities/Tutorial/2DoTSelectedTarget/2DoTSelectedTarget.uasset" 67
"../../../../Users/Testserver/Documents/Unreal Projects/shl2/Content/AbilitySystem/Abilities/Common/Cooldowns/Cooldowns_2Second.uasset" 68
"../../../../Users/Testserver/Documents/Unreal Projects/shl2/Content/AbilitySystem/Abilities/Tutorial/3Sprint/3SprintCostOverTimeAndTag.uasset" 69
"../../../../Users/Testserver/Documents/Unreal Projects/shl2/Content/AbilitySystem/Abilities/Tutorial/3Sprint/3SprintInitialCost.uasset" 70
"../../../../Users/Testserver/Documents/Unreal Projects/shl2/Content/AbilitySystem/Abilities/Tutorial/3Sprint/3Sprint.uasset" 71
"../../../../Users/Testserver/Documents/Unreal Projects/shl2/Content/AbilitySystem/Abilities/Tutorial/4AoE/4AoEDamageEffect.uasset" 72
"../../../../Users/Testserver/Documents/Unreal Projects/shl2/Content/AbilitySystem/Abilities/Tutorial/4AoE/4AoE.uasset" 73
"../../../../Users/Testserver/Documents/Unreal Projects/shl2/Content/AbilitySystem/Abilities/Tutorial/5Hitscan/5HitscanDamageEffect.uasset" 74
"../../../../Users/Testserver/Documents/Unreal Projects/shl2/Content/AbilitySystem/Abilities/Tutorial/5Hitscan/5Hitscan.uasset" 75
"../../../../Users/Testserver/Documents/Unreal Projects/shl2/Content/AbilitySystem/Abilities/Tutorial/6BasicProjectile/6BasicProjectileCooldown.uasset" 76
"../../../../Users/Testserver/Documents/Unreal Projects/shl2/Content/AbilitySystem/Abilities/Tutorial/6BasicProjectile/6BasicProjectileDamageEffect.uasset" 77
"../../../../Users/Testserver/Documents/Unreal Projects/shl2/Content/AbilitySystem/Abilities/Tutorial/6BasicProjectile/6BasicProjectileMaterial.uasset" 78
"../../../../Users/Testserver/Documents/Unreal Projects/shl2/Content/Space/Shape_Sphere.uasset" 79
"../../../../Users/Testserver/Documents/Unreal Projects/shl2/Content/AbilitySystem/Abilities/Tutorial/6BasicProjectile/6BasicProjectileMesh.uasset" 80
"../../../../Users/Testserver/Documents/Unreal Projects/shl2/Content/AbilitySystem/Abilities/Tutorial/6BasicProjectile/6BasicProjectile.uasset" 81
"../../../../Users/Testserver/Documents/Unreal Projects/shl2/Content/AbilitySystem/Abilities/Tutorial/7AoEProjectile/7AbilityToActivateOnHit.uasset" 82
"../../../../Users/Testserver/Documents/Unreal Projects/shl2/Content/AbilitySystem/Abilities/Tutorial/7AoEProjectile/7AoeProjectileDamageEffect.uasset" 83
"../../../../Users/Testserver/Documents/Unreal Projects/shl2/Content/AbilitySystem/Abilities/Tutorial/7AoEProjectile/7BasicProjectileMaterial.uasset" 84
"../../../../Users/Testserver/Documents/Unreal Projects/shl2/Content/AbilitySystem/Abilities/Tutorial/7AoEProjectile/7AoEProjectileMesh.uasset" 85
"../../../../Users/Testserver/Documents/Unreal Projects/shl2/Content/AbilitySystem/Abilities/Tutorial/7AoEProjectile/7AoEProjectile.uasset" 86
"../../../../Users/Testserver/Documents/Unreal Projects/shl2/Content/AbilitySystem/Abilities/Tutorial/8ChargeAttack/8ChargeAttackCooldown.uasset" 87
"../../../../Users/Testserver/Documents/Unreal Projects/shl2/Content/AbilitySystem/Abilities/Tutorial/8ChargeAttack/8ChargeAttackDamage.uasset" 88
"../../../../Users/Testserver/Documents/Unreal Projects/shl2/Content/AbilitySystem/Abilities/Tutorial/8ChargeAttack/8ChargeAttack.uasset" 89
"../../../../Users/Testserver/Documents/Unreal Projects/shl2/Content/AbilitySystem/Abilities/Tutorial/9ConfirmedAttack/9TransparentMaterial.uasset" 90
"../../../../Users/Testserver/Documents/Unreal Projects/shl2/Content/AbilitySystem/Abilities/Tutorial/9ConfirmedAttack/9TargetToPlace.uasset" 91
"../../../../Users/Testserver/Documents/Unreal Projects/shl2/Content/AbilitySystem/Abilities/Tutorial/9ConfirmedAttack/9ConfirmedAttack.uasset" 92
"../../../../Users/Testserver/Documents/Unreal Projects/shl2/Content/AbilitySystem/Abilities/Tutorial/AGameplayCues/AEffect.uasset" 93
"../../../../Users/Testserver/Documents/Unreal Projects/shl2/Content/AbilitySystem/Abilities/Tutorial/AGameplayCues/AGameplayCuesAbility.uasset" 94
"../../../../Users/Testserver/Documents/Unreal Projects/shl2/Content/AbilitySystem/Abilities/Tutorial/BWaitConfirm/BWaitConfirm.uasset" 95
"../../../../Users/Testserver/Documents/Unreal Projects/shl2/Content/AbilitySystem/Abilities/Tutorial/DEnvironmentAbilityActor/DEnvironmentDamageAbility.uasset" 96
"../../../../Users/Testserver/Documents/Unreal Projects/shl2/Content/Geometry/PhysicsMaterials/DirtSurface.uasset" 97
"../../../../Users/Testserver/Documents/Unreal Projects/shl2/Content/Geometry/Meshes/CubeMaterial.uasset" 98
"../../../../Users/Testserver/Documents/Unreal Projects/shl2/Content/Geometry/Meshes/1M_Cube_Chamfer.uasset" 99
"../../../../Users/Testserver/Documents/Unreal Projects/shl2/Content/AbilitySystem/Abilities/Tutorial/ESpawnActorOnServer/ESpawnActorTestActor.uasset" 100
"../../../../Users/Testserver/Documents/Unreal Projects/shl2/Content/AbilitySystem/Abilities/Tutorial/ESpawnActorOnServer/ESpawnActorOnServer.uasset" 101
"../../../../Users/Testserver/Documents/Unreal Projects/shl2/Content/AbilitySystem/Abilities/Tutorial/FKnockback/FKnockback.uasset" 102
"../../../../Users/Testserver/Documents/Unreal Projects/shl2/Content/AbilitySystem/Abilities/Tutorial/FKnockback/FKnockbackFromTag.uasset" 103
"../../../../Users/Testserver/Documents/Unreal Projects/shl2/Content/Geometry/Meshes/1M_Cube.uasset" 104
"../../../../Users/Testserver/Documents/Unreal Projects/shl2/Content/Inventory/InventoryItemPickup.uasset" 105
"../../../../Users/Testserver/Documents/Unreal Projects/shl2/Content/ThirdPersonBP/AI/CharacterProxyBlackboard.uasset" 106
"../../../../Users/Testserver/Documents/Unreal Projects/shl2/Content/ThirdPersonBP/AI/GetAIMoveToPoint.uasset" 107
"../../../../Users/Testserver/Documents/Unreal Projects/shl2/Content/ThirdPersonBP/AI/SmoothMoveToward.uasset" 108
"../../../../Users/Testserver/Documents/Unreal Projects/shl2/Content/ThirdPersonBP/AI/CharacterProxyBT.uasset" 109
"../../../../Users/Testserver/Documents/Unreal Projects/shl2/Content/ThirdPersonBP/AI/CharacterProxyAIController.uasset" 110
"../../../../Users/Testserver/Documents/Unreal Projects/shl2/Content/ThirdPersonBP/AI/ThirdPersonCharacterWithAbilities_Proxy.uasset" 111
"../../../../Users/Testserver/Documents/Unreal Projects/shl2/Content/ThirdPersonBP/Blueprints/OWSPlayerLocationSourceVolume.uasset" 112
"../../../../Users/Testserver/Documents/Unreal Projects/shl2/Content/ThirdPersonBP/Blueprints/OWSPlayerLocationTargetManager.uasset" 113
"../../../../Users/Testserver/Documents/Unreal Projects/shl2/Content/ThirdPersonBP/Blueprints/OWSChatManagerBP.uasset" 114
"../../../../Users/Testserver/Documents/Unreal Projects/shl2/Content/ThirdPersonBP/Maps/BlackMat.uasset" 115
"../../../Engine/Content/EngineMaterials/WorldGridMaterial.uasset" 116
"../../../Engine/Content/BasicShapes/Cube.uasset" 117
"../../../../Users/Testserver/Documents/Unreal Projects/shl2/Content/ThirdPersonBP/Blueprints/TeleportSwitch.uasset" 118
"../../../../Users/Testserver/Documents/Unreal Projects/shl2/Content/ThirdPersonBP/Fonts/MedievalSharp.uasset" 119
"../../../../Users/Testserver/Documents/Unreal Projects/shl2/Content/ThirdPersonBP/Fonts/CritDamageFont.uasset" 120
"../../../../Users/Testserver/Documents/Unreal Projects/shl2/Content/ThirdPersonBP/Fonts/CritDamageFontOutline.uasset" 121
"../../../../Users/Testserver/Documents/Unreal Projects/shl2/Content/ThirdPersonBP/Fonts/DamageFont.uasset" 122
"../../../../Users/Testserver/Documents/Unreal Projects/shl2/Content/ThirdPersonBP/Fonts/DamageFontOutline.uasset" 123
"../../../../Users/Testserver/Documents/Unreal Projects/shl2/Content/ThirdPersonBP/Textures/BottomBorder.uasset" 124
"../../../../Users/Testserver/Documents/Unreal Projects/shl2/Content/ThirdPersonBP/Textures/LeftBorder.uasset" 125
"../../../../Users/Testserver/Documents/Unreal Projects/shl2/Content/ThirdPersonBP/Textures/LL.uasset" 126
"../../../../Users/Testserver/Documents/Unreal Projects/shl2/Content/ThirdPersonBP/Textures/LR.uasset" 127
"../../../../Users/Testserver/Documents/Unreal Projects/shl2/Content/ThirdPersonBP/Textures/RightBorder.uasset" 128
"../../../../Users/Testserver/Documents/Unreal Projects/shl2/Content/ThirdPersonBP/Textures/SpeechBalloonTail01.uasset" 129
"../../../../Users/Testserver/Documents/Unreal Projects/shl2/Content/ThirdPersonBP/Textures/ThoughtBubbles01.uasset" 130
"../../../../Users/Testserver/Documents/Unreal Projects/shl2/Content/ThirdPersonBP/Textures/TopBorder.uasset" 131
"../../../../Users/Testserver/Documents/Unreal Projects/shl2/Content/ThirdPersonBP/Textures/UL.uasset" 132
"../../../../Users/Testserver/Documents/Unreal Projects/shl2/Content/ThirdPersonBP/Textures/UR.uasset" 133
"../../../../Users/Testserver/Documents/Unreal Projects/shl2/Content/ThirdPersonBP/Textures/WindowBackground.uasset" 134
"../../../../Users/Testserver/Documents/Unreal Projects/shl2/Plugins/OWSPlugin/Content/UMG/Textures/OWSDarkenAlpha30.uasset" 135
"../../../../Users/Testserver/Documents/Unreal Projects/shl2/Content/ThirdPersonBP/Blueprints/ThirdPersonHUD.uasset" 136
"../../../../Users/Testserver/Documents/Unreal Projects/shl2/Plugins/OWSPlugin/Content/OWSTravelToMapBP.uasset" 137
"../../../../Users/Testserver/Documents/Unreal Projects/shl2/Plugins/OWSPlugin/Content/UMG/Textures/OWSParchmentPaper.uasset" 138
"../../../../Users/Testserver/Documents/Unreal Projects/shl2/Content/Chat/ChatWidget.uasset" 139
"../../../../Users/Testserver/Documents/Unreal Projects/shl2/Content/Chat/TextWidget.uasset" 140
"../../../../Users/Testserver/Documents/Unreal Projects/shl2/Content/HUD/PlayerHUD.uasset" 141
"../../../../Users/Testserver/Documents/Unreal Projects/shl2/Content/Inventory/ItemLibraryWidget.uasset" 142
"../../../../Users/Testserver/Documents/Unreal Projects/shl2/Content/Party/PartyWidget.uasset" 143
"../../../../Users/Testserver/Documents/Unreal Projects/shl2/Content/AbilitySystem/Abilities/Old-MayNotWork/CastSpellSelectedTarget/CastBarWidget.uasset" 144
"../../../../Users/Testserver/Documents/Unreal Projects/shl2/Content/Inventory/Icons/Greatsword.uasset" 145
"../../../../Users/Testserver/Documents/Unreal Projects/shl2/Content/AbilitySystem/AbilityBar/AbilityBarWidget.uasset" 146
"../../../../Users/Testserver/Documents/Unreal Projects/shl2/Content/HUD/RespawnWidget.uasset" 147
"../../../../Users/Testserver/Documents/Unreal Projects/shl2/Content/Inventory/InventoryItemWidgetMaster.uasset" 148
"../../../Engine/Content/Functions/Engine_MaterialFunctions02/Utility/BlendAngleCorrectedNormals.uasset" 149
"../../../Engine/Content/Functions/MaterialLayerFunctions/MatLayerBlend_NormalBlend.uasset" 150
"../../../Engine/Content/Functions/MaterialLayerFunctions/MatLayerBlend_Simple.uasset" 151
"../../../../Users/Testserver/Documents/Unreal Projects/shl2/Content/Mannequin/Character/Materials/MaterialLayers/T_ML_Rubber_Blue_01_D.uasset" 152
"../../../../Users/Testserver/Documents/Unreal Projects/shl2/Content/Mannequin/Character/Materials/MaterialLayers/T_ML_Rubber_Blue_01_N.uasset" 153
"../../../../Users/Testserver/Documents/Unreal Projects/shl2/Content/Mannequin/Character/Materials/MaterialLayers/ML_GlossyBlack_Latex_UE4.uasset" 154
"../../../../Users/Testserver/Documents/Unreal Projects/shl2/Content/Mannequin/Character/Materials/MaterialLayers/ML_Plastic_Shiny_Beige.uasset" 155
"../../../../Users/Testserver/Documents/Unreal Projects/shl2/Content/Mannequin/Character/Textures/UE4_LOGO_CARD.uasset" 156
"../../../../Users/Testserver/Documents/Unreal Projects/shl2/Content/Mannequin/Character/Materials/MaterialLayers/ML_Plastic_Shiny_Beige_LOGO.uasset" 157
"../../../../Users/Testserver/Documents/Unreal Projects/shl2/Content/Mannequin/Character/Materials/MaterialLayers/T_ML_Aluminum01.uasset" 158
"../../../../Users/Testserver/Documents/Unreal Projects/shl2/Content/Mannequin/Character/Materials/MaterialLayers/T_ML_Aluminum01_N.uasset" 159
"../../../../Users/Testserver/Documents/Unreal Projects/shl2/Content/Mannequin/Character/Materials/MaterialLayers/ML_SoftMetal_UE4.uasset" 160
"../../../../Users/Testserver/Documents/Unreal Projects/shl2/Content/Mannequin/Character/Textures/UE4_Mannequin__normals.uasset" 161
"../../../../Users/Testserver/Documents/Unreal Projects/shl2/Content/Mannequin/Character/Textures/UE4_Mannequin_MAT_MASKA.uasset" 162
"../../../../Users/Testserver/Documents/Unreal Projects/shl2/Content/Mannequin/Character/Materials/M_UE4Man_Body.uasset" 163
"../../../../Users/Testserver/Documents/Unreal Projects/shl2/Content/Mannequin/Character/Textures/UE4Man_Logo_N.uasset" 164
"../../../../Users/Testserver/Documents/Unreal Projects/shl2/Content/Mannequin/Character/Materials/M_UE4Man_ChestLogo.uasset" 165
"../../../../Users/Testserver/Documents/Unreal Projects/shl2/Content/Mannequin/Character/Mesh/SK_Mannequin_PhysicsAsset.uasset" 166
"../../../../Users/Testserver/Documents/Unreal Projects/shl2/Content/Mannequin/Character/Mesh/SK_Mannequin.uasset" 167
"../../../../Users/Testserver/Documents/Unreal Projects/shl2/Content/ThirdPersonBP/Blueprints/ThirdPersonCharacter.uasset" 168
"../../../../Users/Testserver/Documents/Unreal Projects/shl2/Content/Inventory/InventorySlotWidget.uasset" 169
"../../../../Users/Testserver/Documents/Unreal Projects/shl2/Content/Inventory/InventoryWidget.uasset" 170
"../../../../Users/Testserver/Documents/Unreal Projects/shl2/Plugins/OWSPlugin/Content/UMG/OWSLoadingWidget.uasset" 171
"../../../../Users/Testserver/Documents/Unreal Projects/shl2/Content/ThirdPersonBP/Blueprints/ThirdPersonPlayerController.uasset" 172
"../../../../Users/Testserver/Documents/Unreal Projects/shl2/Content/AbilitySystem/Abilities/MobStats.uasset" 173
"../../../../Users/Testserver/Documents/Unreal Projects/shl2/Content/HUD/FloatingHealthBar.uasset" 174
"../../../../Users/Testserver/Documents/Unreal Projects/shl2/Content/ThirdPersonBP/Blueprints/ThirdPersonCharacterWithAbilities.uasset" 175
"../../../../Users/Testserver/Documents/Unreal Projects/shl2/Content/AbilitySystem/Abilities/Old-MayNotWork/CastSpellSelectedTarget/CastBarCue.uasset" 176
"../../../../Users/Testserver/Documents/Unreal Projects/shl2/Content/AbilitySystem/Abilities/Old-MayNotWork/CastSpellSelectedTarget/CastSpellCooldown.uasset" 177
"../../../../Users/Testserver/Documents/Unreal Projects/shl2/Content/AbilitySystem/Abilities/Old-MayNotWork/CastSpellSelectedTarget/SpellDOTCalc.uasset" 178
"../../../../Users/Testserver/Documents/Unreal Projects/shl2/Content/AbilitySystem/Abilities/Old-MayNotWork/CastSpellSelectedTarget/SpellDamageEffect.uasset" 179
"../../../../Users/Testserver/Documents/Unreal Projects/shl2/Content/AbilitySystem/Abilities/Old-MayNotWork/CastSpellSelectedTarget/CastSpellSelectedTarget.uasset" 180
"../../../../Users/Testserver/Documents/Unreal Projects/shl2/Content/AbilitySystem/Abilities/Old-MayNotWork/ChainLightning/ChainLighningCooldown.uasset" 181
"../../../../Users/Testserver/Documents/Unreal Projects/shl2/Content/AbilitySystem/Abilities/Old-MayNotWork/ChainLightning/ChainLightningCost.uasset" 182
"../../../../Users/Testserver/Documents/Unreal Projects/shl2/Content/AbilitySystem/Abilities/Old-MayNotWork/ChainLightning/ChainLightningDamageEffect.uasset" 183
"../../../../Users/Testserver/Documents/Unreal Projects/shl2/Content/AbilitySystem/Abilities/Old-MayNotWork/ChainLightning/ChainLightning.uasset" 184
"../../../../Users/Testserver/Documents/Unreal Projects/shl2/Content/AbilitySystem/Abilities/Old-MayNotWork/ChainLightning/ChainLightningCue.uasset" 185
"../../../../Users/Testserver/Documents/Unreal Projects/shl2/Content/AbilitySystem/Abilities/Old-MayNotWork/FireLaser/FireLaserCooldown.uasset" 186
"../../../../Users/Testserver/Documents/Unreal Projects/shl2/Content/AbilitySystem/Abilities/Old-MayNotWork/FireLaser/LaserBlastDamageEffect.uasset" 187
"../../../../Users/Testserver/Documents/Unreal Projects/shl2/Content/AbilitySystem/Abilities/Old-MayNotWork/FireLaser/ReduceAmmoEffect.uasset" 188
"../../../../Users/Testserver/Documents/Unreal Projects/shl2/Content/AbilitySystem/Abilities/Old-MayNotWork/FireLaser/FireLaser.uasset" 189
"../../../Engine/Content/EditorSounds/GamePreview/EjectFromPlayer.uasset" 190
"../../../Engine/Content/EditorSounds/GamePreview/EjectFromPlayer_Cue.uasset" 191
"../../../../Users/Testserver/Documents/Unreal Projects/shl2/Content/AbilitySystem/Abilities/Old-MayNotWork/FireLaser/FireLaserCue.uasset" 192
"../../../Engine/Content/Tutorial/SubEditors/TutorialAssets/T_SmokeSubUV_8X8.uasset" 193
"../../../Engine/Content/Tutorial/SubEditors/TutorialAssets/T_soft_smoke.uasset" 194
"../../../Engine/Content/Tutorial/SubEditors/TutorialAssets/M_smoke_subUV_blackbody.uasset" 195
"../../../../Users/Testserver/Documents/Unreal Projects/shl2/Content/AbilitySystem/Animations/ExplosionEffect.uasset" 196
"../../../../Users/Testserver/Documents/Unreal Projects/shl2/Content/AbilitySystem/Abilities/Old-MayNotWork/FireLaser/LaserBlastDamageCue.uasset" 197
"../../../../Users/Testserver/Documents/Unreal Projects/shl2/Content/AbilitySystem/Abilities/Old-MayNotWork/FireLaser/ReloadEffect.uasset" 198
"../../../../Users/Testserver/Documents/Unreal Projects/shl2/Content/AbilitySystem/Abilities/Old-MayNotWork/FireLaser/Reload.uasset" 199
"../../../../Users/Testserver/Documents/Unreal Projects/shl2/Content/AbilitySystem/Abilities/Old-MayNotWork/Harvest/HarvestEffect.uasset" 200
"../../../../Users/Testserver/Documents/Unreal Projects/shl2/Content/AbilitySystem/Abilities/Old-MayNotWork/Harvest/Harvest.uasset" 201
"../../../../Users/Testserver/Documents/Unreal Projects/shl2/Content/AbilitySystem/Abilities/Old-MayNotWork/Leap/TestJump.uasset" 202
"../../../../Users/Testserver/Documents/Unreal Projects/shl2/Content/AbilitySystem/Abilities/Old-MayNotWork/Leap/TestLeap.uasset" 203
"../../../../Users/Testserver/Documents/Unreal Projects/shl2/Content/AbilitySystem/Abilities/Old-MayNotWork/Projectile/AOEAttackCue.uasset" 204
"../../../../Users/Testserver/Documents/Unreal Projects/shl2/Content/AbilitySystem/Abilities/Old-MayNotWork/Projectile/NonReplicatedProjectile.uasset" 205
"../../../../Users/Testserver/Documents/Unreal Projects/shl2/Content/AbilitySystem/Abilities/Old-MayNotWork/Projectile/ProjectileCooldown.uasset" 206
"../../../../Users/Testserver/Documents/Unreal Projects/shl2/Content/AbilitySystem/Abilities/Old-MayNotWork/Projectile/ReplicatedProfectile.uasset" 207
"../../../../Users/Testserver/Documents/Unreal Projects/shl2/Content/AbilitySystem/Abilities/Old-MayNotWork/Projectile/FireProjectile.uasset" 208
"../../../../Users/Testserver/Documents/Unreal Projects/shl2/Content/AbilitySystem/Abilities/Old-MayNotWork/Projectile/FireProjectileAOE.uasset" 209
"../../../../Users/Testserver/Documents/Unreal Projects/shl2/Content/AbilitySystem/Abilities/Old-MayNotWork/Projectile/HitLocation.uasset" 210
"../../../../Users/Testserver/Documents/Unreal Projects/shl2/Content/AbilitySystem/Abilities/Old-MayNotWork/TargettedAOEAttack/FireProjectileAtPointCooldown.uasset" 211
"../../../../Users/Testserver/Documents/Unreal Projects/shl2/Content/AbilitySystem/Abilities/Old-MayNotWork/TargettedAOEAttack/ProjectileToFire.uasset" 212
"../../../../Users/Testserver/Documents/Unreal Projects/shl2/Content/AbilitySystem/Abilities/Old-MayNotWork/TargettedAOEAttack/TransparentMaterial.uasset" 213
"../../../../Users/Testserver/Documents/Unreal Projects/shl2/Content/AbilitySystem/Abilities/Old-MayNotWork/TargettedAOEAttack/TargetToPlace.uasset" 214
"../../../../Users/Testserver/Documents/Unreal Projects/shl2/Content/AbilitySystem/Abilities/Old-MayNotWork/TargettedAOEAttack/FireProjectileAtPoint.uasset" 215
"../../../../Users/Testserver/Documents/Unreal Projects/shl2/Content/AbilitySystem/Abilities/Old-MayNotWork/TargettedAOEAttack/PlaceTarget.uasset" 216
"../../../../Users/Testserver/Documents/Unreal Projects/shl2/Content/AbilitySystem/Animations/FireParticleEffect.uasset" 217
"../../../../Users/Testserver/Documents/Unreal Projects/shl2/Content/AbilitySystem/Abilities/Old-MayNotWork/TargettedAOEAttack/TargetAOEAbility.uasset" 218
"../../../../Users/Testserver/Documents/Unreal Projects/shl2/Content/AbilitySystem/Abilities/Tutorial/7AoEProjectile/7AoEProjectileCooldown.uasset" 219
"../../../../Users/Testserver/Documents/Unreal Projects/shl2/Content/AbilitySystem/Abilities/Tutorial/7AoEProjectile/7AoEProjectileDamageCue.uasset" 220
"../../../../Users/Testserver/Documents/Unreal Projects/shl2/Content/AbilitySystem/Abilities/Tutorial/7AoEProjectile/7AoEProjectileExplosionCue.uasset" 221
"../../../../Users/Testserver/Documents/Unreal Projects/shl2/Content/AbilitySystem/Abilities/Tutorial/9ConfirmedAttack/9ExplosionCue.uasset" 222
"../../../../Users/Testserver/Documents/Unreal Projects/shl2/Content/AbilitySystem/Abilities/Tutorial/AGameplayCues/AGameplayCueNotifyActor.uasset" 223
"../../../../Users/Testserver/Documents/Unreal Projects/shl2/Content/AbilitySystem/Abilities/Tutorial/AGameplayCues/AStaticNotifyCue.uasset" 224
"../../../../Users/Testserver/Documents/Unreal Projects/shl2/Content/AbilitySystem/Abilities/Tutorial/CConditionalGameplayEffects/CConditionalGameplayEffectsEffect.uasset" 225
"../../../../Users/Testserver/Documents/Unreal Projects/shl2/Content/AbilitySystem/Abilities/Tutorial/CConditionalGameplayEffects/CConditionalGameplayEffects.uasset" 226
"../../../../Users/Testserver/Documents/Unreal Projects/shl2/Content/AbilitySystem/Abilities/Tutorial/FKnockback/FApplyKnockbackTag.uasset" 227
"../../../../Users/Testserver/Documents/Unreal Projects/shl2/Content/AbilitySystem/Abilities/Tutorial/GActivateAbilityFromEvent/GActivateAbilityFromEvent.uasset" 228
"../../../../Users/Testserver/Documents/Unreal Projects/shl2/Content/AbilitySystem/Abilities/Tutorial/HCustomMagCalc/HCustomMagCalc.uasset" 229
"../../../../Users/Testserver/Documents/Unreal Projects/shl2/Content/AbilitySystem/Animations/HealParticleEffect.uasset" 230
"../../../../Users/Testserver/Documents/Unreal Projects/shl2/Content/Geometry/PhysicsMaterials/MetalSurface.uasset" 231
"../../../Engine/Content/Functions/Engine_MaterialFunctions02/SplitComponents.uasset" 232
"../../../../Users/Testserver/Documents/Unreal Projects/shl2/Content/HighlightSelectedTargetPP/MF_ConvolveTexture.uasset" 233
"../../../../Users/Testserver/Documents/Unreal Projects/shl2/Content/HighlightSelectedTargetPP/MF_ExtractDepth.uasset" 234
"../../../../Users/Testserver/Documents/Unreal Projects/shl2/Content/HighlightSelectedTargetPP/MF_SampleTextureNeighborUV.uasset" 235
"../../../../Users/Testserver/Documents/Unreal Projects/shl2/Content/HUD/BuffIconWidget.uasset" 236
"../../../../Users/Testserver/Documents/Unreal Projects/shl2/Content/Inventory/Icons/Coin.uasset" 237
"../../../../Users/Testserver/Documents/Unreal Projects/shl2/Content/Inventory/TestItem.uasset" 238
"../../../../Users/Testserver/Documents/Unreal Projects/shl2/Content/Mannequin/Animations/ThirdPersonJump_End.uasset" 239
"../../../../Users/Testserver/Documents/Unreal Projects/shl2/Content/Meshes/Wolf/Animations/wolf_Anim_WolfRig_Attack.uasset" 240
"../../../../Users/Testserver/Documents/Unreal Projects/shl2/Content/Meshes/Wolf/Animations/wolf_Anim_WolfRig_Backwards.uasset" 241
"../../../../Users/Testserver/Documents/Unreal Projects/shl2/Content/Meshes/Wolf/Animations/wolf_Anim_WolfRig_bindpose.uasset" 242
"../../../../Users/Testserver/Documents/Unreal Projects/shl2/Content/Meshes/Wolf/Animations/wolf_Anim_WolfRig_BreatheFire.uasset" 243
"../../../../Users/Testserver/Documents/Unreal Projects/shl2/Content/Meshes/Wolf/Animations/wolf_Anim_WolfRig_Cast.uasset" 244
"../../../../Users/Testserver/Documents/Unreal Projects/shl2/Content/Meshes/Wolf/Animations/wolf_Anim_WolfRig_CombatIdle.uasset" 245
"../../../../Users/Testserver/Documents/Unreal Projects/shl2/Content/Meshes/Wolf/Animations/wolf_Anim_WolfRig_Dance.uasset" 246
"../../../../Users/Testserver/Documents/Unreal Projects/shl2/Content/Meshes/Wolf/Animations/wolf_Anim_WolfRig_Dance2.uasset" 247
"../../../../Users/Testserver/Documents/Unreal Projects/shl2/Content/Meshes/Wolf/Animations/wolf_Anim_WolfRig_Dance3.uasset" 248
"../../../../Users/Testserver/Documents/Unreal Projects/shl2/Content/Meshes/Wolf/Animations/wolf_Anim_WolfRig_Dead.uasset" 249
"../../../../Users/Testserver/Documents/Unreal Projects/shl2/Content/Meshes/Wolf/Animations/wolf_Anim_WolfRig_Die.uasset" 250
"../../../../Users/Testserver/Documents/Unreal Projects/shl2/Content/Meshes/Wolf/Animations/wolf_Anim_WolfRig_Dig.uasset" 251
"../../../../Users/Testserver/Documents/Unreal Projects/shl2/Content/Meshes/Wolf/Animations/wolf_Anim_WolfRig_Fall.uasset" 252
"../../../../Users/Testserver/Documents/Unreal Projects/shl2/Content/Meshes/Wolf/Animations/wolf_Anim_WolfRig_Getup.uasset" 253
"../../../../Users/Testserver/Documents/Unreal Projects/shl2/Content/Meshes/Wolf/Animations/wolf_Anim_WolfRig_Growl.uasset" 254
"../../../../Users/Testserver/Documents/Unreal Projects/shl2/Content/Meshes/Wolf/Animations/wolf_Anim_WolfRig_Howl.uasset" 255
"../../../../Users/Testserver/Documents/Unreal Projects/shl2/Content/Meshes/Wolf/Animations/wolf_Anim_WolfRig_Hurt.uasset" 256
"../../../../Users/Testserver/Documents/Unreal Projects/shl2/Content/Meshes/Wolf/Animations/wolf_Anim_WolfRig_Idle1.uasset" 257
"../../../../Users/Testserver/Documents/Unreal Projects/shl2/Content/Meshes/Wolf/Animations/wolf_Anim_WolfRig_Idle2.uasset" 258
"../../../../Users/Testserver/Documents/Unreal Projects/shl2/Content/Meshes/Wolf/Animations/wolf_Anim_WolfRig_Idle3.uasset" 259
"../../../../Users/Testserver/Documents/Unreal Projects/shl2/Content/Meshes/Wolf/Animations/wolf_Anim_WolfRig_Idle4.uasset" 260
"../../../../Users/Testserver/Documents/Unreal Projects/shl2/Content/Meshes/Wolf/Animations/wolf_Anim_WolfRig_Idle5.uasset" 261
"../../../../Users/Testserver/Documents/Unreal Projects/shl2/Content/Meshes/Wolf/Animations/wolf_Anim_WolfRig_LayDown.uasset" 262
"../../../../Users/Testserver/Documents/Unreal Projects/shl2/Content/Meshes/Wolf/Animations/wolf_Anim_WolfRig_LayDownIdle.uasset" 263
"../../../../Users/Testserver/Documents/Unreal Projects/shl2/Content/Meshes/Wolf/Animations/wolf_Anim_WolfRig_Lick.uasset" 264
"../../../../Users/Testserver/Documents/Unreal Projects/shl2/Content/Meshes/Wolf/Animations/wolf_Anim_WolfRig_Lick1.uasset" 265
"../../../../Users/Testserver/Documents/Unreal Projects/shl2/Content/Meshes/Wolf/Animations/wolf_Anim_WolfRig_Pee.uasset" 266
"../../../../Users/Testserver/Documents/Unreal Projects/shl2/Content/Meshes/Wolf/Animations/wolf_Anim_WolfRig_Poop.uasset" 267
"../../../../Users/Testserver/Documents/Unreal Projects/shl2/Content/Meshes/Wolf/Animations/wolf_Anim_WolfRig_Shake.uasset" 268
"../../../../Users/Testserver/Documents/Unreal Projects/shl2/Content/Meshes/Wolf/Animations/wolf_Anim_WolfRig_Sit.uasset" 269
"../../../../Users/Testserver/Documents/Unreal Projects/shl2/Content/Meshes/Wolf/Animations/wolf_Anim_WolfRig_SitIdle2.uasset" 270
"../../../../Users/Testserver/Documents/Unreal Projects/shl2/Content/Meshes/Wolf/Animations/wolf_Anim_WolfRig_SitIdle3.uasset" 271
"../../../../Users/Testserver/Documents/Unreal Projects/shl2/Content/Meshes/Wolf/Animations/wolf_Anim_WolfRig_SitIdle4.uasset" 272
"../../../../Users/Testserver/Documents/Unreal Projects/shl2/Content/Meshes/Wolf/Animations/wolf_Anim_WolfRig_SitUp.uasset" 273
"../../../../Users/Testserver/Documents/Unreal Projects/shl2/Content/Meshes/Wolf/Animations/wolf_Anim_WolfRig_Swim.uasset" 274
"../../../../Users/Testserver/Documents/Unreal Projects/shl2/Content/Meshes/Wolf/Animations/wolf_Anim_WolfRig_SwimIdle.uasset" 275
"../../../../Users/Testserver/Documents/Unreal Projects/shl2/Content/Meshes/Wolf/Animations/wolf_Anim_WolfRig_Track.uasset" 276
"../../../../Users/Testserver/Documents/Unreal Projects/shl2/Content/Meshes/Wolf/Animations/wolf_Anim_WolfRig_Walk.uasset" 277
"../../../../Users/Testserver/Documents/Unreal Projects/shl2/Content/Particles/P_Ambient_Dust.uasset" 278
"../../../../Users/Testserver/Documents/Unreal Projects/shl2/Content/Particles/P_Explosion.uasset" 279
"../../../../Users/Testserver/Documents/Unreal Projects/shl2/Content/Particles/P_Fire.uasset" 280
"../../../../Users/Testserver/Documents/Unreal Projects/shl2/Content/Particles/P_Smoke.uasset" 281
"../../../../Users/Testserver/Documents/Unreal Projects/shl2/Content/Particles/P_Sparks.uasset" 282
"../../../../Users/Testserver/Documents/Unreal Projects/shl2/Content/Particles/P_Steam_Lit.uasset" 283
"../../../../Users/Testserver/Documents/Unreal Projects/shl2/Content/Particles/Materials/M_Burst.uasset" 284
"../../../../Users/Testserver/Documents/Unreal Projects/shl2/Content/Particles/Materials/M_Dust_Particle.uasset" 285
"../../../../Users/Testserver/Documents/Unreal Projects/shl2/Content/Particles/Materials/M_explosion_subUV.uasset" 286
"../../../../Users/Testserver/Documents/Unreal Projects/shl2/Content/Particles/Materials/M_Fire_SubUV.uasset" 287
"../../../../Users/Testserver/Documents/Unreal Projects/shl2/Content/Particles/Materials/m_flare_01.uasset" 288
"../../../../Users/Testserver/Documents/Unreal Projects/shl2/Content/Particles/Materials/M_Heat_Distortion.uasset" 289
"../../../Engine/Content/Functions/Engine_MaterialFunctions01/Gradient/RadialGradient.uasset" 290
"../../../../Users/Testserver/Documents/Unreal Projects/shl2/Content/Particles/Materials/M_Radial_Gradient.uasset" 291
"../../../../Users/Testserver/Documents/Unreal Projects/shl2/Content/Particles/Materials/M_radial_ramp.uasset" 292
"../../../../Users/Testserver/Documents/Unreal Projects/shl2/Content/Particles/Materials/M_Spark.uasset" 293
"../../../../Users/Testserver/Documents/Unreal Projects/shl2/Content/Splash/EdSplash.uasset" 294
"../../../../Users/Testserver/Documents/Unreal Projects/shl2/Content/Splash/Splash.uasset" 295
"../../../../Users/Testserver/Documents/Unreal Projects/shl2/Content/ThirdPersonBP/ThirdPersonOverview.uasset" 296
"../../../../Users/Testserver/Documents/Unreal Projects/shl2/Content/ThirdPersonBP/AI/NavArea_Road.uasset" 297
"../../../../Users/Testserver/Documents/Unreal Projects/shl2/Content/ThirdPersonBP/Blueprints/ThirdPersonGameInstance.uasset" 298
"../../../../Users/Testserver/Documents/Unreal Projects/shl2/Content/ThirdPersonBP/MobTest/MobTestAIController.uasset" 299
"../../../../Users/Testserver/Documents/Unreal Projects/shl2/Content/ThirdPersonBP/Textures/GameButton4.uasset" 300
"../../../Engine/Content/Animation/DefaultAnimCurveCompressionSettings.uasset" 301
"../../../Engine/Content/ArtTools/RenderToTexture/Meshes/S_1_Unit_Plane.uasset" 302
"../../../Engine/Content/BasicShapes/Cone.uasset" 303
"../../../Engine/Content/BasicShapes/Cylinder.uasset" 304
"../../../Engine/Content/BasicShapes/Plane.uasset" 305
"../../../Engine/Content/EditorLandscapeResources/DataLayer.uasset" 306
"../../../Engine/Content/EditorMaterials/MAT_Groups_Toggle.uasset" 307
"../../../Engine/Content/EditorMaterials/MAT_Groups_Visibility.uasset" 308
"../../../Engine/Content/EditorMaterials/PreviewShadowIndicator.uasset" 309
"../../../Engine/Content/EditorMaterials/PreviewShadowIndicatorMaterial.uasset" 310
"../../../Engine/Content/EditorMaterials/MatineeGroups/MAT_ColorTrack.uasset" 311
"../../../Engine/Content/EditorMaterials/MatineeGroups/MAT_Groups_Anim.uasset" 312
"../../../Engine/Content/EditorMaterials/MatineeGroups/MAT_Groups_AudioMaster.uasset" 313
"../../../Engine/Content/EditorMaterials/MatineeGroups/MAT_Groups_Director.uasset" 314
"../../../Engine/Content/EditorMaterials/MatineeGroups/MAT_Groups_Event.uasset" 315
"../../../Engine/Content/EditorMaterials/MatineeGroups/MAT_Groups_Fade.uasset" 316
"../../../Engine/Content/EditorMaterials/MatineeGroups/MAT_Groups_Float.uasset" 317
"../../../Engine/Content/EditorMaterials/MatineeGroups/MAT_Groups_Move.uasset" 318
"../../../Engine/Content/EditorMaterials/MatineeGroups/MAT_Groups_Slomo.uasset" 319
"../../../Engine/Content/EditorMaterials/MatineeGroups/MAT_Groups_Sound.uasset" 320
"../../../Engine/Content/EditorMaterials/MatineeGroups/MAT_Groups_Vector.uasset" 321
"../../../Engine/Content/EditorMaterials/ParticleSystems/PSysThumbnail_NoImage.uasset" 322
"../../../Engine/Content/EditorMaterials/ParticleSystems/PSysThumbnail_OOD.uasset" 323
"../../../Engine/Content/EditorMaterials/Camera/CineMat.uasset" 324
"../../../Engine/Content/EditorMaterials/Camera/MI_CineMat_Rig.uasset" 325
"../../../Engine/Content/EditorMeshes/Camera/SM_CraneRig_Arm.uasset" 326
"../../../Engine/Content/EditorMeshes/Camera/SM_CraneRig_Base.uasset" 327
"../../../Engine/Content/EditorMeshes/Camera/SM_CraneRig_Body.uasset" 328
"../../../Engine/Content/EditorMeshes/Camera/SM_CraneRig_Mount.uasset" 329
"../../../Engine/Content/EditorMeshes/Camera/SM_RailRig_Mount.uasset" 330
"../../../Engine/Content/EditorMeshes/Camera/SM_RailRig_Track.uasset" 331
"../../../Engine/Content/EditorResources/BSPVertex.uasset" 332
"../../../Engine/Content/EditorResources/EmptyActor.uasset" 333
"../../../Engine/Content/EditorResources/S_Actor.uasset" 334
"../../../Engine/Content/EditorResources/S_Note.uasset" 335
"../../../Engine/Content/EditorResources/S_Solver.uasset" 336
"../../../Engine/Content/EditorResources/S_Trigger.uasset" 337
"../../../Engine/Content/EditorResources/LightIcons/S_LightError.uasset" 338
"../../../Engine/Content/EditorResources/SequenceRecorder/Countdown.uasset" 339
"../../../Engine/Content/EditorResources/SequenceRecorder/RecordingIndicator.uasset" 340
"../../../Engine/Content/EditorSounds/Notifications/CompileFailed.uasset" 341
"../../../Engine/Content/EditorSounds/Notifications/CompileFailed_Cue.uasset" 342
"../../../Engine/Content/EditorSounds/Notifications/CompileSuccess.uasset" 343
"../../../Engine/Content/EditorSounds/Notifications/CompileStart_Cue.uasset" 344
"../../../Engine/Content/EditorSounds/Notifications/CompileSuccess_Cue.uasset" 345
"../../../Engine/Content/EngineDamageTypes/DmgTypeBP_Environmental.uasset" 346
"../../../Engine/Content/EngineDebugMaterials/DebugEditorMaterial.uasset" 347
"../../../Engine/Content/EngineDebugMaterials/DebugMeshMaterial.uasset" 348
"../../../Engine/Content/EngineDebugMaterials/M_SimpleTranslucent.uasset" 349
"../../../Engine/Content/Functions/Engine_MaterialFunctions02/Utility/CameraDirectionVector.uasset" 350
"../../../Engine/Content/EngineDebugMaterials/VolumeToRender.uasset" 351
"../../../Engine/Content/EngineDebugMaterials/M_VolumeRenderSphereTracePP.uasset" 352
"../../../Engine/Content/EngineDebugMaterials/WireframeMaterial.uasset" 353
"../../../Engine/Content/EngineFonts/Faces/DroidSansFallback.uasset" 354
"../../../Engine/Content/EngineFonts/Faces/RobotoBold.uasset" 355
"../../../Engine/Content/EngineFonts/Faces/RobotoBoldItalic.uasset" 356
"../../../Engine/Content/EngineFonts/Faces/RobotoItalic.uasset" 357
"../../../Engine/Content/EngineFonts/Faces/RobotoLight.uasset" 358
"../../../Engine/Content/EngineFonts/Faces/RobotoRegular.uasset" 359
"../../../Engine/Content/EngineFonts/Roboto.uasset" 360
"../../../Engine/Content/EngineMaterials/BaseFlattenDiffuseMap.uasset" 361
"../../../Engine/Content/EngineMaterials/BaseFlattenEmissiveMap.uasset" 362
"../../../Engine/Content/EngineMaterials/BaseFlattenGrayscaleMap.uasset" 363
"../../../Engine/Content/EngineMaterials/BaseFlattenNormalMap.uasset" 364
"../../../Engine/Content/EngineMaterials/BaseFlattenMaterial.uasset" 365
"../../../Engine/Content/EngineMaterials/BlueNoise.uasset" 366
"../../../Engine/Content/EngineMaterials/DefaultBloomKernel.uasset" 367
"../../../Engine/Content/EngineMaterials/DefaultBokeh.uasset" 368
"../../../Engine/Content/EngineMaterials/DefaultDiffuse.uasset" 369
"../../../Engine/Content/EngineMaterials/DefaultDeferredDecalMaterial.uasset" 370
"../../../Engine/Content/EngineMaterials/DefaultLightFunctionMaterial.uasset" 371
"../../../Engine/Content/Functions/Engine_MaterialFunctions02/Utility/BreakOutFloat2Components.uasset" 372
"../../../Engine/Content/EngineMaterials/DefaultPostProcessMaterial.uasset" 373
"../../../Engine/Content/EngineFonts/RobotoDistanceField.uasset" 374
"../../../Engine/Content/EngineMaterials/DefaultTextMaterialOpaque.uasset" 375
"../../../Engine/Content/EngineMaterials/DefaultVirtualTextureMaterial.uasset" 376
"../../../Engine/Content/EngineMaterials/DefaultWhiteGrid.uasset" 377
"../../../Engine/Content/EngineMaterials/DefaultWhiteGrid_Low.uasset" 378
"../../../Engine/Content/EngineMaterials/EmissiveMeshMaterial.uasset" 379
"../../../Engine/Content/EngineMaterials/GizmoMaterial.uasset" 380
"../../../Engine/Content/EngineMaterials/Good64x64TilingNoiseHighFreq.uasset" 381
"../../../Engine/Content/EngineMaterials/HairDefaultMaterial.uasset" 382
"../../../Engine/Content/EngineMaterials/MiniFont.uasset" 383
"../../../Engine/Content/EngineMaterials/InvalidLightmapSettings.uasset" 384
"../../../Engine/Content/EngineMaterials/M_InvalidLightmapSettings.uasset" 385
"../../../Engine/Content/Functions/Engine_MaterialFunctions02/WorldPositionOffset/CameraOffset.uasset" 386
"../../../Engine/Content/EngineMaterials/PhAT_JointLimitMaterial.uasset" 387
"../../../Engine/Content/EngineMaterials/PreintegratedSkinBRDF.uasset" 388
"../../../Engine/Content/EngineMaterials/RemoveSurfaceMaterial.uasset" 389
"../../../Engine/Content/EngineMaterials/WeightMapPlaceholderTexture.uasset" 390
"../../../Engine/Content/EngineResources/WhiteSquareTexture.uasset" 391
"../../../Engine/Content/EngineMaterials/Widget3DPassThrough.uasset" 392
"../../../Engine/Content/EngineMaterials/Widget3DPassThrough_Masked.uasset" 393
"../../../Engine/Content/EngineMaterials/Widget3DPassThrough_Opaque.uasset" 394
"../../../Engine/Content/EngineMaterials/Widget3DPassThrough_Masked_OneSided.uasset" 395
"../../../Engine/Content/EngineMaterials/Widget3DPassThrough_Opaque_OneSided.uasset" 396
"../../../Engine/Content/EngineMaterials/Widget3DPassThrough_Translucent.uasset" 397
"../../../Engine/Content/EngineMaterials/Widget3DPassThrough_Translucent_OneSided.uasset" 398
"../../../Engine/Content/EngineMeshes/Cylinder.uasset" 399
"../../../Engine/Content/EngineMeshes/Sphere.uasset" 400
"../../../Engine/Content/EngineResources/Black.uasset" 401
"../../../Engine/Content/EngineResources/DefaultTexture.uasset" 402
"../../../Engine/Content/EngineResources/DefaultTextureCube.uasset" 403
"../../../Engine/Content/EngineResources/DefaultVolumeTexture2D.uasset" 404
"../../../Engine/Content/EngineResources/DefaultVolumeTexture.uasset" 405
"../../../Engine/Content/EngineResources/GradientTexture0.uasset" 406
"../../../Engine/Content/EngineSounds/Master.uasset" 407
"../../../Engine/Content/Functions/Engine_MaterialFunctions01/Shading/ConvertFromDiffSpec.uasset" 408
"../../../Engine/Content/Functions/Engine_MaterialFunctions01/Shading/PowerToRoughness.uasset" 409
"../../../Engine/Content/Maps/Templates/Thumbnails/Default.uasset" 410
"../../../Engine/Content/Maps/Templates/Thumbnails/TimeOfDay.uasset" 411
"../../../Engine/Content/Maps/Templates/Thumbnails/VR-Basic.uasset" 412
"../../../Engine/Content/MobileResources/T_MobileControls_texture.uasset" 413
"../../../Engine/Content/MobileResources/T_MobileMenu2.uasset" 414
"../../../Engine/Content/MobileResources/HUD/AnalogHat.uasset" 415
"../../../Engine/Content/MobileResources/HUD/VirtualJoystick_Background.uasset" 416
"../../../Engine/Content/MobileResources/HUD/VirtualJoystick_Thumb.uasset" 417
"../../../Engine/Content/MobileResources/HUD/DefaultVirtualJoysticks.uasset" 418
"../../../Engine/Content/MobileResources/HUD/LeftVirtualJoystickOnly.uasset" 419
"../../../Engine/Content/MobileResources/HUD/MobileHUDButton1_off.uasset" 420
"../../../Engine/Content/MobileResources/HUD/MobileHUDButton1_on.uasset" 421
"../../../Engine/Content/MobileResources/HUD/MobileHUDButton2_off.uasset" 422
"../../../Engine/Content/MobileResources/HUD/MobileHUDButton2_on.uasset" 423
"../../../Engine/Content/MobileResources/HUD/MobileHUDButton3.uasset" 424
"../../../Engine/Content/MobileResources/HUD/MobileHUDButtonFire.uasset" 425
"../../../Engine/Content/MobileResources/HUD/MobileHUDDirectionPad.uasset" 426
"../../../Engine/Content/MobileResources/HUD/MobileHUDDirectionPad2.uasset" 427
"../../../Engine/Content/MobileResources/HUD/MobileHUDDirectionPad3.uasset" 428
"../../../Engine/Content/MobileResources/HUD/MobileHUDDirectionStick.uasset" 429
"../../../Engine/Content/MobileResources/HUD/T_Castle_ThumbstickInner.uasset" 430
"../../../Engine/Content/MobileResources/HUD/T_Castle_ThumbstickOutter.uasset" 431
"../../../Engine/Content/Tutorial/ContentIntroCurve.uasset" 432
"../../../Engine/Content/Tutorial/Basics/LevelEditorAttract.uasset" 433
"../../../Engine/Content/Tutorial/BlueprintTutorials/TutorialAssets/Blueprint_64x.uasset" 434
"../../../Engine/Content/Tutorial/BlueprintTutorials/BlueprintEditorTutorial.uasset" 435
"../../../Engine/Content/VREditor/LaserPointer/VR_LaserPower_01.uasset" 436
"../../../Engine/Content/VREditor/TransformGizmo/TransformGizmoMaterial.uasset" 437
"../../../Engine/Content/VREditor/TransformGizmo/TranslucentTransformGizmoMaterial.uasset" 438
"../../../Engine/Content/VREditor/TransformGizmo/BoundingBoxCorner.uasset" 439
"../../../Engine/Content/VREditor/TransformGizmo/BoundingBoxEdge.uasset" 440
"../../../Engine/Content/VREditor/TransformGizmo/PlaneTranslationHandle.uasset" 441
"../../../Engine/Content/VREditor/TransformGizmo/Main.uasset" 442
"../../../Engine/Content/VREditor/TransformGizmo/Xray.uasset" 443
"../../../Engine/Content/VREditor/TransformGizmo/SM_Sequencer_Key.uasset" 444
"../../../Engine/Content/VREditor/TransformGizmo/SM_Sequencer_Node.uasset" 445
"../../Plugins/2D/Paper2D/Content/PlaceholderTextures/DummySpriteTexture.uasset" 446
"../../Plugins/2D/Paper2D/Content/DummySprite.uasset" 447
"../../Plugins/2D/Paper2D/Content/DefaultPaperTerrainMaterial.uasset" 448
"../../Plugins/2D/Paper2D/Content/DummySpriteTexture.uasset" 449
"../../Plugins/2D/Paper2D/Content/DefaultSpriteMaterial.uasset" 450
"../../Plugins/2D/Paper2D/Content/MaskedUnlitSpriteMaterial.uasset" 451
"../../Plugins/2D/Paper2D/Content/OpaqueUnlitSpriteMaterial.uasset" 452
"../../../Engine/Content/Functions/Engine_MaterialFunctions02/Utility/BreakOutFloat4Components.uasset" 453
"../../../Engine/Content/Functions/Engine_MaterialFunctions02/Utility/MakeFloat2.uasset" 454
"../../../Engine/Content/Functions/Engine_MaterialFunctions02/Utility/MakeFloat3.uasset" 455
"../../Plugins/Runtime/Oculus/OculusVR/Content/Materials/OculusMR_ChromaKey.uasset" 456
"../../Plugins/Runtime/Oculus/OculusVR/Content/Materials/OculusMR_ChromaKey_Lit.uasset" 457
"../../Plugins/Runtime/Oculus/OculusVR/Content/Materials/OculusMR_OpaqueColoredMaterial.uasset" 458
"../../Plugins/Runtime/Oculus/OculusVR/Content/Materials/OculusMR_WhiteMaterial.uasset" 459
"../../../Engine/Content/EngineSky/C_Sky_Cloud_Color.uasset" 460
"../../../Engine/Content/EngineSky/C_Sky_Horizon_Color.uasset" 461
"../../../Engine/Content/EngineSky/C_Sky_Zenith_Color.uasset" 462
"../../../Engine/Content/EngineSky/T_Sky_Blue.uasset" 463
"../../../Engine/Content/EngineSky/T_Sky_Clouds_M.uasset" 464
"../../../Engine/Content/EngineSky/T_Sky_Stars.uasset" 465
"../../../Engine/Content/EngineSky/M_Sky_Panning_Clouds2.uasset" 466
"../../../Engine/Content/EngineSky/SM_SkySphere.uasset" 467
"../../../Engine/Content/EngineSky/BP_Sky_Sphere.uasset" 468
"../../../../Users/Testserver/Documents/Unreal Projects/shl2/Content/ThirdPersonBP/Blueprints/ThirdPersonGameMode.uasset" 469
"../../../../Users/Testserver/Documents/Unreal Projects/shl2/Content/Geometry/Meshes/TemplateFloor.uasset" 470
"../../../../Users/Testserver/Documents/Unreal Projects/shl2/Content/ThirdPersonBP/Maps/DungeonMap.umap" 471
"../../../../Users/Testserver/Documents/Unreal Projects/shl2/Content/ThirdPersonBP/Maps/FourZoneMap_BuiltData.uasset" 472
"../../../../Users/Testserver/Documents/Unreal Projects/shl2/Content/ThirdPerson/Meshes/RampMaterial.uasset" 473
"../../../Engine/Content/EngineMaterials/DefaultPhysicalMaterial.uasset" 474
"../../../../Users/Testserver/Documents/Unreal Projects/shl2/Content/ThirdPersonBP/Maps/FourZoneMap.umap" 475
"../../../../Users/Testserver/Documents/Unreal Projects/shl2/Content/Space/FlyingCharacter.uasset" 476
"../../../../Users/Testserver/Documents/Unreal Projects/shl2/Content/Space/FlyingGameMode.uasset" 477
"../../../../Users/Testserver/Documents/Unreal Projects/shl2/Content/Space/TravelToSpace.uasset" 478
"../../../../Users/Testserver/Documents/Unreal Projects/shl2/Content/ThirdPersonBP/Maps/GroundMap_BuiltData.uasset" 479
"../../../../Users/Testserver/Documents/Unreal Projects/shl2/Content/Space/Ground/T_Rock_Sandstone_D.uasset" 480
"../../../../Users/Testserver/Documents/Unreal Projects/shl2/Content/Space/Ground/T_Rock_Sandstone_N.uasset" 481
"../../../../Users/Testserver/Documents/Unreal Projects/shl2/Content/Space/Ground/Rock_Sandstone.uasset" 482
"../../../../Users/Testserver/Documents/Unreal Projects/shl2/Content/ThirdPersonBP/Maps/GroundMap.umap" 483
"../../../../Users/Testserver/Documents/Unreal Projects/shl2/Plugins/OWSPlugin/Content/UMG/OWSChangeColorWidget.uasset" 484
"../../../../Users/Testserver/Documents/Unreal Projects/shl2/Plugins/OWSPlugin/Content/UMG/OWSLoginWidget.uasset" 485
"../../../../Users/Testserver/Documents/Unreal Projects/shl2/Plugins/OWSPlugin/Content/UMG/OWSSelectCharacterWidget.uasset" 486
"../../../../Users/Testserver/Documents/Unreal Projects/shl2/Plugins/OWSPlugin/Content/UMG/OWSCreateCharacterWidget.uasset" 487
"../../../../Users/Testserver/Documents/Unreal Projects/shl2/Plugins/OWSPlugin/Content/OWSLoginPlayerController.uasset" 488
"../../../../Users/Testserver/Documents/Unreal Projects/shl2/Plugins/OWSPlugin/Content/OWSLoginGameMode.uasset" 489
"../../../../Users/Testserver/Documents/Unreal Projects/shl2/Content/ThirdPersonBP/Maps/Login_BuiltData.uasset" 490
"../../../../Users/Testserver/Documents/Unreal Projects/shl2/Content/ThirdPersonBP/Maps/Login.umap" 491
"../../../../Users/Testserver/Documents/Unreal Projects/shl2/Content/ThirdPersonBP/Maps/Map2_BuiltData.uasset" 492
"../../../../Users/Testserver/Documents/Unreal Projects/shl2/Content/ThirdPerson/Meshes/LeftArm_StaticMesh.uasset" 493
"../../../../Users/Testserver/Documents/Unreal Projects/shl2/Content/ThirdPerson/Meshes/Linear_Stair_StaticMesh.uasset" 494
"../../../../Users/Testserver/Documents/Unreal Projects/shl2/Content/ThirdPersonBP/Maps/Map2.umap" 495
"../../../../Users/Testserver/Documents/Unreal Projects/shl2/Content/Space/TravelToPlanet.uasset" 496
"../../../../Users/Testserver/Documents/Unreal Projects/shl2/Content/ThirdPersonBP/Maps/SpaceMap_BuiltData.uasset" 497
"../../../../Users/Testserver/Documents/Unreal Projects/shl2/Content/Space/Planet/Shape_Sphere_Fbx_Default_Material_BaseColor.uasset" 498
"../../../../Users/Testserver/Documents/Unreal Projects/shl2/Content/Space/Planet/Shape_Sphere_Fbx_Default_Material_Normal.uasset" 499
"../../../../Users/Testserver/Documents/Unreal Projects/shl2/Content/Space/Planet/Shape_Sphere_Fbx_Default_Material_RoughnessMetallic.uasset" 500
"../../../../Users/Testserver/Documents/Unreal Projects/shl2/Content/Space/Planets.uasset" 501
"../../../Engine/Content/MapTemplates/daylight.uasset" 502
"../../../../Users/Testserver/Documents/Unreal Projects/shl2/Content/ThirdPersonBP/Maps/SpaceMap.umap" 503
"../../../../Users/Testserver/Documents/Unreal Projects/shl2/Content/Destructible/TreeStats.uasset" 504
"../../../../Users/Testserver/Documents/Unreal Projects/shl2/Content/Destructible/HarvestableTree.uasset" 505
"../../../../Users/Testserver/Documents/Unreal Projects/shl2/Content/AbilitySystem/Abilities/Tutorial/DEnvironmentAbilityActor/DEnvironmentAbilityActor.uasset" 506
"../../../../Users/Testserver/Documents/Unreal Projects/shl2/Content/ThirdPersonBP/Maps/ThirdPersonExampleMap_BuiltData.uasset" 507
"../../../../Users/Testserver/Documents/Unreal Projects/shl2/Content/HighlightSelectedTargetPP/NewOutlineBlendable.uasset" 508
"../../../../Users/Testserver/Documents/Unreal Projects/shl2/Content/HighlightSelectedTargetPP/NewOutlineBlendable_Inst.uasset" 509
"../../../../Users/Testserver/Documents/Unreal Projects/shl2/Content/ThirdPerson/Meshes/Bump_StaticMesh.uasset" 510
"../../../../Users/Testserver/Documents/Unreal Projects/shl2/Content/ThirdPerson/Meshes/Ramp_StaticMesh.uasset" 511
"../../../../Users/Testserver/Documents/Unreal Projects/shl2/Content/ThirdPerson/Meshes/RightArm_StaticMesh.uasset" 512
"../../../Engine/Content/EngineVolumetrics/Fogsheet/Materials/T_EV_FogSheet_CloudTex_01.uasset" 513
"../../../Engine/Content/EngineVolumetrics/Fogsheet/Materials/T_EV_FogSheet_Falloff_03.uasset" 514
"../../../../Users/Testserver/Documents/Unreal Projects/shl2/Content/VolumetricFog/FogMat.uasset" 515
"../../../../Users/Testserver/Documents/Unreal Projects/shl2/Content/VolumetricFog/FogMat1.uasset" 516
"../../../../Users/Testserver/Documents/Unreal Projects/shl2/Content/VolumetricFog/FogParticle.uasset" 517
"../../../../Users/Testserver/Documents/Unreal Projects/shl2/Content/ThirdPersonBP/Maps/ThirdPersonExampleMap.umap" 518
"../../../../Users/Testserver/Documents/Unreal Projects/shl2/Content/ThirdPersonBP/Maps/WorldComp1/Persistent_BuiltData.uasset" 519
"../../../../Users/Testserver/Documents/Unreal Projects/shl2/Content/ThirdPersonBP/Maps/WorldComp1/Persistent.umap" 520
"../../../../Users/Testserver/Documents/Unreal Projects/shl2/Content/ThirdPersonBP/Maps/WorldComp1/WorldComp1_BuiltData.uasset" 521
"../../../../Users/Testserver/Documents/Unreal Projects/shl2/Content/ThirdPersonBP/Maps/WorldComp1/WorldComp1.umap" 522
"../../../../Users/Testserver/Documents/Unreal Projects/shl2/Content/ThirdPersonBP/Maps/WorldComp1/WorldComp2_BuiltData.uasset" 523
"../../../../Users/Testserver/Documents/Unreal Projects/shl2/Content/ThirdPersonBP/Maps/WorldComp1/WorldComp2.umap" 524
"../../../../Users/Testserver/Documents/Unreal Projects/shl2/Content/ThirdPersonBP/Maps/WorldComp1/WorldComp3_BuiltData.uasset" 525
"../../../../Users/Testserver/Documents/Unreal Projects/shl2/Content/ThirdPersonBP/Maps/WorldComp1/WorldComp3.umap" 526
"../../../Engine/Content/Maps/Entry_BuiltData.uasset" 527
"../../../Engine/Content/Maps/Entry.umap" 528
